This is pdfTeXk, Version 3.141592-1.40.3 (Web2C 7.5.6) (format=pdflatex 2012.1.20)  26 NOV 2012 10:03
entering extended mode
 %&-line parsing enabled.
**tm2012_idl_3_vast.tex
(./tm2012_idl_3_vast.tex
LaTeX2e <2005/12/01>
Babel <v3.8h> and hyphenation patterns for english, usenglishmax, dumylang, noh
yphenation, arabic, basque, bulgarian, coptic, welsh, czech, slovak, german, ng
erman, danish, esperanto, spanish, catalan, galician, estonian, farsi, finnish,
 french, greek, monogreek, ancientgreek, croatian, hungarian, interlingua, ibyc
us, indonesian, icelandic, italian, latin, mongolian, dutch, norsk, polish, por
tuguese, pinyin, romanian, russian, slovenian, uppersorbian, serbian, swedish, 
turkish, ukenglish, ukrainian, loaded.
(/usr/share/texmf/tex/latex/base/article.cls
Document Class: article 2005/09/16 v1.4f Standard LaTeX document class
(/usr/share/texmf/tex/latex/base/size12.clo
File: size12.clo 2005/09/16 v1.4f Standard LaTeX file (size option)
)
\c@part=\count79
\c@section=\count80
\c@subsection=\count81
\c@subsubsection=\count82
\c@paragraph=\count83
\c@subparagraph=\count84
\c@figure=\count85
\c@table=\count86
\abovecaptionskip=\skip41
\belowcaptionskip=\skip42
\bibindent=\dimen102
)
(/usr/share/texmf/tex/latex/graphics/graphicx.sty
Package: graphicx 1999/02/16 v1.0f Enhanced LaTeX Graphics (DPC,SPQR)

(/usr/share/texmf/tex/latex/graphics/keyval.sty
Package: keyval 1999/03/16 v1.13 key=value parser (DPC)
\KV@toks@=\toks14
)
(/usr/share/texmf/tex/latex/graphics/graphics.sty
Package: graphics 2006/02/20 v1.0o Standard LaTeX Graphics (DPC,SPQR)

(/usr/share/texmf/tex/latex/graphics/trig.sty
Package: trig 1999/03/16 v1.09 sin cos tan (DPC)
)
(/usr/share/texmf/tex/latex/config/graphics.cfg
File: graphics.cfg 2007/01/18 v1.5 graphics configuration of teTeX/TeXLive
)
Package graphics Info: Driver file: pdftex.def on input line 90.

(/usr/share/texmf/tex/latex/pdftex-def/pdftex.def
File: pdftex.def 2007/01/08 v0.04d Graphics/color for pdfTeX
\Gread@gobject=\count87
))
\Gin@req@height=\dimen103
\Gin@req@width=\dimen104
)
(/usr/share/texmf/tex/latex/amsmath/amsmath.sty
Package: amsmath 2000/07/18 v2.13 AMS math features
\@mathmargin=\skip43

For additional information on amsmath, use the `?' option.
(/usr/share/texmf/tex/latex/amsmath/amstext.sty
Package: amstext 2000/06/29 v2.01

(/usr/share/texmf/tex/latex/amsmath/amsgen.sty
File: amsgen.sty 1999/11/30 v2.0
\@emptytoks=\toks15
\ex@=\dimen105
))
(/usr/share/texmf/tex/latex/amsmath/amsbsy.sty
Package: amsbsy 1999/11/29 v1.2d
\pmbraise@=\dimen106
)
(/usr/share/texmf/tex/latex/amsmath/amsopn.sty
Package: amsopn 1999/12/14 v2.01 operator names
)
\inf@bad=\count88
LaTeX Info: Redefining \frac on input line 211.
\uproot@=\count89
\leftroot@=\count90
LaTeX Info: Redefining \overline on input line 307.
\classnum@=\count91
\DOTSCASE@=\count92
LaTeX Info: Redefining \ldots on input line 379.
LaTeX Info: Redefining \dots on input line 382.
LaTeX Info: Redefining \cdots on input line 467.
\Mathstrutbox@=\box26
\strutbox@=\box27
\big@size=\dimen107
LaTeX Font Info:    Redeclaring font encoding OML on input line 567.
LaTeX Font Info:    Redeclaring font encoding OMS on input line 568.
\macc@depth=\count93
\c@MaxMatrixCols=\count94
\dotsspace@=\muskip10
\c@parentequation=\count95
\dspbrk@lvl=\count96
\tag@help=\toks16
\row@=\count97
\column@=\count98
\maxfields@=\count99
\andhelp@=\toks17
\eqnshift@=\dimen108
\alignsep@=\dimen109
\tagshift@=\dimen110
\tagwidth@=\dimen111
\totwidth@=\dimen112
\lineht@=\dimen113
\@envbody=\toks18
\multlinegap=\skip44
\multlinetaggap=\skip45
\mathdisplay@stack=\toks19
LaTeX Info: Redefining \[ on input line 2666.
LaTeX Info: Redefining \] on input line 2667.
)
(/usr/share/texmf/tex/latex/tools/indentfirst.sty
Package: indentfirst 1995/11/23 v1.03 Indent first paragraph (DPC)
)
(/usr/share/texmf/tex/latex/txfonts/txfonts.sty
Package: txfonts 2005/01/03 v3.2
LaTeX Font Info:    Redeclaring symbol font `operators' on input line 20.
LaTeX Font Info:    Overwriting symbol font `operators' in version `normal'
(Font)                  OT1/cmr/m/n --> OT1/txr/m/n on input line 20.
LaTeX Font Info:    Overwriting symbol font `operators' in version `bold'
(Font)                  OT1/cmr/bx/n --> OT1/txr/m/n on input line 20.
LaTeX Font Info:    Overwriting symbol font `operators' in version `bold'
(Font)                  OT1/txr/m/n --> OT1/txr/bx/n on input line 21.
\symitalic=\mathgroup4
LaTeX Font Info:    Overwriting symbol font `italic' in version `bold'
(Font)                  OT1/txr/m/it --> OT1/txr/bx/it on input line 25.
LaTeX Font Info:    Redeclaring math alphabet \mathbf on input line 28.
LaTeX Font Info:    Overwriting math alphabet `\mathbf' in version `normal'
(Font)                  OT1/cmr/bx/n --> OT1/txr/bx/n on input line 28.
LaTeX Font Info:    Overwriting math alphabet `\mathbf' in version `bold'
(Font)                  OT1/cmr/bx/n --> OT1/txr/bx/n on input line 28.
LaTeX Font Info:    Redeclaring math alphabet \mathit on input line 29.
LaTeX Font Info:    Overwriting math alphabet `\mathit' in version `normal'
(Font)                  OT1/cmr/m/it --> OT1/txr/m/it on input line 29.
LaTeX Font Info:    Overwriting math alphabet `\mathit' in version `bold'
(Font)                  OT1/cmr/bx/it --> OT1/txr/m/it on input line 29.
LaTeX Font Info:    Overwriting math alphabet `\mathit' in version `bold'
(Font)                  OT1/txr/m/it --> OT1/txr/bx/it on input line 30.
LaTeX Font Info:    Redeclaring math alphabet \mathsf on input line 39.
LaTeX Font Info:    Overwriting math alphabet `\mathsf' in version `normal'
(Font)                  OT1/cmss/m/n --> OT1/txss/m/n on input line 39.
LaTeX Font Info:    Overwriting math alphabet `\mathsf' in version `bold'
(Font)                  OT1/cmss/bx/n --> OT1/txss/m/n on input line 39.
LaTeX Font Info:    Overwriting math alphabet `\mathsf' in version `bold'
(Font)                  OT1/txss/m/n --> OT1/txss/b/n on input line 40.
LaTeX Font Info:    Redeclaring math alphabet \mathtt on input line 49.
LaTeX Font Info:    Overwriting math alphabet `\mathtt' in version `normal'
(Font)                  OT1/cmtt/m/n --> OT1/txtt/m/n on input line 49.
LaTeX Font Info:    Overwriting math alphabet `\mathtt' in version `bold'
(Font)                  OT1/cmtt/m/n --> OT1/txtt/m/n on input line 49.
LaTeX Font Info:    Overwriting math alphabet `\mathtt' in version `bold'
(Font)                  OT1/txtt/m/n --> OT1/txtt/b/n on input line 50.
LaTeX Font Info:    Redeclaring symbol font `letters' on input line 57.
LaTeX Font Info:    Overwriting symbol font `letters' in version `normal'
(Font)                  OML/cmm/m/it --> OML/txmi/m/it on input line 57.
LaTeX Font Info:    Overwriting symbol font `letters' in version `bold'
(Font)                  OML/cmm/b/it --> OML/txmi/m/it on input line 57.
LaTeX Font Info:    Overwriting symbol font `letters' in version `bold'
(Font)                  OML/txmi/m/it --> OML/txmi/bx/it on input line 58.
\symlettersA=\mathgroup5
LaTeX Font Info:    Overwriting symbol font `lettersA' in version `bold'
(Font)                  U/txmia/m/it --> U/txmia/bx/it on input line 66.
LaTeX Font Info:    Redeclaring symbol font `symbols' on input line 76.
LaTeX Font Info:    Overwriting symbol font `symbols' in version `normal'
(Font)                  OMS/cmsy/m/n --> OMS/txsy/m/n on input line 76.
LaTeX Font Info:    Overwriting symbol font `symbols' in version `bold'
(Font)                  OMS/cmsy/b/n --> OMS/txsy/m/n on input line 76.
LaTeX Font Info:    Overwriting symbol font `symbols' in version `bold'
(Font)                  OMS/txsy/m/n --> OMS/txsy/bx/n on input line 77.
\symAMSa=\mathgroup6
LaTeX Font Info:    Overwriting symbol font `AMSa' in version `bold'
(Font)                  U/txsya/m/n --> U/txsya/bx/n on input line 93.
\symAMSb=\mathgroup7
LaTeX Font Info:    Overwriting symbol font `AMSb' in version `bold'
(Font)                  U/txsyb/m/n --> U/txsyb/bx/n on input line 102.
\symsymbolsC=\mathgroup8
LaTeX Font Info:    Overwriting symbol font `symbolsC' in version `bold'
(Font)                  U/txsyc/m/n --> U/txsyc/bx/n on input line 112.
LaTeX Font Info:    Redeclaring symbol font `largesymbols' on input line 119.
LaTeX Font Info:    Overwriting symbol font `largesymbols' in version `normal'
(Font)                  OMX/cmex/m/n --> OMX/txex/m/n on input line 119.
LaTeX Font Info:    Overwriting symbol font `largesymbols' in version `bold'
(Font)                  OMX/cmex/m/n --> OMX/txex/m/n on input line 119.
LaTeX Font Info:    Overwriting symbol font `largesymbols' in version `bold'
(Font)                  OMX/txex/m/n --> OMX/txex/bx/n on input line 120.
\symlargesymbolsA=\mathgroup9
LaTeX Font Info:    Overwriting symbol font `largesymbolsA' in version `bold'
(Font)                  U/txexa/m/n --> U/txexa/bx/n on input line 128.
LaTeX Info: Redefining \not on input line 1042.
)
(/usr/share/texmf/tex/latex/colortbl/colortbl.sty
Package: colortbl 2001/02/13 v0.1j Color table columns (DPC)

(/usr/share/texmf/tex/latex/tools/array.sty
Package: array 2005/08/23 v2.4b Tabular extension package (FMi)
\col@sep=\dimen114
\extrarowheight=\dimen115
\NC@list=\toks20
\extratabsurround=\skip46
\backup@length=\skip47
)
(/usr/share/texmf/tex/latex/graphics/color.sty
Package: color 2005/11/14 v1.0j Standard LaTeX Color (DPC)

(/usr/share/texmf/tex/latex/config/color.cfg
File: color.cfg 2007/01/18 v1.5 color configuration of teTeX/TeXLive
)
Package color Info: Driver file: pdftex.def on input line 130.
)
\everycr=\toks21
\minrowclearance=\skip48
)
(/usr/share/texmf/tex/latex/tools/verbatim.sty
Package: verbatim 2003/08/22 v1.5q LaTeX2e package for verbatim enhancements
\every@verbatim=\toks22
\verbatim@line=\toks23
\verbatim@in@stream=\read1
)
Package color Info: Redefining color LemonChiffon on input line 22.
Package color Info: Redefining color Gold on input line 23.
Package color Info: Redefining color darkblue on input line 24.
Package color Info: Redefining color lightblue on input line 25.
 (./tm2012_idl_3_vast.aux)
\openout1 = `tm2012_idl_3_vast.aux'.

LaTeX Font Info:    Checking defaults for OML/txmi/m/it on input line 51.
LaTeX Font Info:    Try loading font information for OML+txmi on input line 51.


(/usr/share/texmf/tex/latex/txfonts/omltxmi.fd
File: omltxmi.fd 2000/12/15 v3.1
)
LaTeX Font Info:    ... okay on input line 51.
LaTeX Font Info:    Checking defaults for T1/cmr/m/n on input line 51.
LaTeX Font Info:    ... okay on input line 51.
LaTeX Font Info:    Checking defaults for OT1/cmr/m/n on input line 51.
LaTeX Font Info:    ... okay on input line 51.
LaTeX Font Info:    Checking defaults for OMS/txsy/m/n on input line 51.
LaTeX Font Info:    Try loading font information for OMS+txsy on input line 51.


(/usr/share/texmf/tex/latex/txfonts/omstxsy.fd
File: omstxsy.fd 2000/12/15 v3.1
)
LaTeX Font Info:    ... okay on input line 51.
LaTeX Font Info:    Checking defaults for OMX/txex/m/n on input line 51.
LaTeX Font Info:    Try loading font information for OMX+txex on input line 51.


(/usr/share/texmf/tex/latex/txfonts/omxtxex.fd
File: omxtxex.fd 2000/12/15 v3.1
)
LaTeX Font Info:    ... okay on input line 51.
LaTeX Font Info:    Checking defaults for U/txexa/m/n on input line 51.
LaTeX Font Info:    Try loading font information for U+txexa on input line 51.

(/usr/share/texmf/tex/latex/txfonts/utxexa.fd
File: utxexa.fd 2000/12/15 v3.1
)
LaTeX Font Info:    ... okay on input line 51.
LaTeX Font Info:    Try loading font information for OT1+txr on input line 51.

(/usr/share/texmf/tex/latex/txfonts/ot1txr.fd
File: ot1txr.fd 2000/12/15 v3.1
) [1

{/usr/share/texmf/fonts/map/pdftex/updmap/pdftex.map}]
LaTeX Font Info:    Try loading font information for U+txmia on input line 117.

 (/usr/share/texmf/tex/latex/txfonts/utxmia.fd
File: utxmia.fd 2000/12/15 v3.1
)
LaTeX Font Info:    Try loading font information for U+txsya on input line 117.


(/usr/share/texmf/tex/latex/txfonts/utxsya.fd
File: utxsya.fd 2000/12/15 v3.1
)
LaTeX Font Info:    Try loading font information for U+txsyb on input line 117.


(/usr/share/texmf/tex/latex/txfonts/utxsyb.fd
File: utxsyb.fd 2000/12/15 v3.1
)
LaTeX Font Info:    Try loading font information for U+txsyc on input line 117.


(/usr/share/texmf/tex/latex/txfonts/utxsyc.fd
File: utxsyc.fd 2000/12/15 v3.1
)
LaTeX Font Info:    Try loading font information for OT1+txtt on input line 139
.

(/usr/share/texmf/tex/latex/txfonts/ot1txtt.fd
File: ot1txtt.fd 2000/12/15 v3.1
)
File: inte_simple.pro  (verbatim)
 [2] [3]
File: inte_simple_func.pro  (verbatim)
 [4]
<inte_simple_taylor1.pdf, id=24, 794.97pt x 614.295pt>
File: inte_simple_taylor1.pdf Graphic file (type pdf)

<use inte_simple_taylor1.pdf>
<inte_simple_taylor2.pdf, id=25, 794.97pt x 614.295pt>
File: inte_simple_taylor2.pdf Graphic file (type pdf)

<use inte_simple_taylor2.pdf>
<inte_simple_rk4.pdf, id=26, 794.97pt x 614.295pt>
File: inte_simple_rk4.pdf Graphic file (type pdf)
 <use inte_simple_rk4.pdf>
[5 <./inte_simple_taylor1.pdf, page is rotated 270 degrees> <./inte_simple_tayl
or2.pdf, page is rotated 270 degrees> <./inte_simple_rk4.pdf, page is rotated 2
70 degrees>]
File: rk_inte1.pro  (verbatim)
 [6] [7] [8] [9] [10] [11]
File: rk_inte1_func.pro  (verbatim)
 [12]
Overfull \hbox (6.75558pt too wide) in paragraph at lines 275--275
[]    \OT1/txtt/m/n/8 0.0000    1.000000    0.500000   10.000000   90.000000   
 0.000000    0.000000    8.66e-01=L   -5.00e-01=E[] 
 []


Overfull \hbox (6.75558pt too wide) in paragraph at lines 276--276
[]    \OT1/txtt/m/n/8 0.9900    0.999973    0.499986    9.999999   89.999995   
 0.003638   -0.000298     -4.01e-06      2.73e-05[] 
 []


Overfull \hbox (6.75558pt too wide) in paragraph at lines 277--277
[]    \OT1/txtt/m/n/8 1.9800    0.999943    0.499969    9.999999   89.999995   
 0.007464    0.000208     -8.11e-06      5.73e-05[] 
 []


Overfull \hbox (6.75558pt too wide) in paragraph at lines 278--278
[]    \OT1/txtt/m/n/8 2.9700    0.999912    0.499952    9.999999   89.999995   
 0.011529    0.000774     -1.23e-05      8.83e-05[] 
 []


Overfull \hbox (6.75558pt too wide) in paragraph at lines 279--279
[]    \OT1/txtt/m/n/8 3.9600    0.999881    0.499936    9.999999   89.999995   
 0.015775    0.001642     -1.67e-05      1.19e-04[] 
 []


Overfull \hbox (6.75558pt too wide) in paragraph at lines 280--280
[]    \OT1/txtt/m/n/8 4.9500    0.999851    0.499920    9.999999   89.999995   
 0.020120    0.002791     -2.11e-05      1.49e-04[] 
 []


Overfull \hbox (6.75558pt too wide) in paragraph at lines 281--281
[]    \OT1/txtt/m/n/8 5.9400    0.999821    0.499904    9.999999   89.999995   
 0.024511    0.004213     -2.56e-05      1.79e-04[] 
 []


Overfull \hbox (6.75558pt too wide) in paragraph at lines 282--282
[]    \OT1/txtt/m/n/8 6.9300    0.999791    0.499888    9.999999   89.999995   
 0.028924    0.005909     -3.01e-05      2.09e-04[] 
 []


Overfull \hbox (6.75558pt too wide) in paragraph at lines 283--283
[]    \OT1/txtt/m/n/8 7.9200    0.999761    0.499873    9.999999   89.999995   
 0.033350    0.007880     -3.46e-05      2.39e-04[] 
 []


Overfull \hbox (6.75558pt too wide) in paragraph at lines 284--284
[]    \OT1/txtt/m/n/8 8.9100    0.999732    0.499857    9.999999   89.999995   
 0.037784    0.010129     -3.92e-05      2.68e-04[] 
 []


Overfull \hbox (6.75558pt too wide) in paragraph at lines 285--285
[]    \OT1/txtt/m/n/8 9.9000    0.999702    0.499842    9.999999   89.999995   
 0.042225    0.012654     -4.37e-05      2.98e-04[] 
 []

<rk_inte1_example.pdf, id=64, 794.97pt x 614.295pt>
File: rk_inte1_example.pdf Graphic file (type pdf)
 <use rk_inte1_example.pdf>
[13 <./rk_inte1_example.pdf, page is rotated 270 degrees>]
<rk_inte1_eks_taylor2.pdf, id=73, 454.69875pt x 341.275pt>
File: rk_inte1_eks_taylor2.pdf Graphic file (type pdf)

<use rk_inte1_eks_taylor2.pdf>
<rk_inte1_dttest_rk4.pdf, id=74, 454.69875pt x 341.275pt>
File: rk_inte1_dttest_rk4.pdf Graphic file (type pdf)

<use rk_inte1_dttest_rk4.pdf> [14 <./rk_inte1_eks_taylor2.pdf> <./rk_inte1_dtte
st_rk4.pdf>] <rk_inte1_dttest_eps05.pdf, id=86, 454.69875pt x 341.275pt>
File: rk_inte1_dttest_eps05.pdf Graphic file (type pdf)

<use rk_inte1_dttest_eps05.pdf>
Overfull \hbox (7.11319pt too wide) in paragraph at lines 337--338
[][] 
 []

[15 <./rk_inte1_dttest_eps05.pdf>]
File: inte_perp.pro  (verbatim)
 [16] [17] [18]
File: inte_perp_func.pro  (verbatim)
 [19] [20]
File: inte_perp_demo_rad.pro  (verbatim)
 [21]
<inte_perp_demo_rad.pdf, id=113, 614.295pt x 794.97pt>
File: inte_perp_demo_rad.pdf Graphic file (type pdf)

<use inte_perp_demo_rad.pdf>
Overfull \hbox (7.12224pt too wide) in paragraph at lines 398--399
[][] 
 []

[22 <./inte_perp_demo_rad.pdf>]
File: inte_perp_demo_vel.pro  (verbatim)
 [23]
<inte_perp_demo_vel.pdf, id=123, 614.295pt x 794.97pt>
File: inte_perp_demo_vel.pdf Graphic file (type pdf)

<use inte_perp_demo_vel.pdf>
Overfull \hbox (7.12224pt too wide) in paragraph at lines 413--414
[][] 
 []

[24 <./inte_perp_demo_vel.pdf>]
File: inte_perp_demo_rad2.pro  (verbatim)
 [25] [26]
<inte_perp_demo_rad2.pdf, id=137, 614.295pt x 794.97pt>
File: inte_perp_demo_rad2.pdf Graphic file (type pdf)

<use inte_perp_demo_rad2.pdf>
Overfull \hbox (14.00548pt too wide) in paragraph at lines 428--429
[]  [] 
 []

[27 <./inte_perp_demo_rad2.pdf>]
File: inte_perp_demo_vel2.pro  (verbatim)
 [28] [29]
<inte_perp_demo_vel2.pdf, id=150, 614.295pt x 794.97pt>
File: inte_perp_demo_vel2.pdf Graphic file (type pdf)

<use inte_perp_demo_vel2.pdf> [30 <./inte_perp_demo_vel2.pdf>]
File: inte_perp_demo_nor2.pro  (verbatim)
 [31] [32]
<inte_perp_demo_nor2.pdf, id=164, 614.295pt x 794.97pt>
File: inte_perp_demo_nor2.pdf Graphic file (type pdf)

<use inte_perp_demo_nor2.pdf>
Overfull \hbox (14.00548pt too wide) in paragraph at lines 461--462
[]  [] 
 []

[33 <./inte_perp_demo_nor2.pdf>] (./tm2012_idl_3_vast.aux) )
(\end occurred inside a group at level 2)

### simple group (level 2) entered at line 91 ({)
### simple group (level 1) entered at line 86 ({)
### bottom level 
Here is how much of TeX's memory you used:
 2225 strings out of 256216
 26471 string characters out of 1917072
 78322 words of memory out of 1500000
 5459 multiletter control sequences out of 10000+200000
 23545 words of font info for 64 fonts, out of 1200000 for 2000
 645 hyphenation exceptions out of 8191
 34i,6n,22p,255b,349s stack positions out of 5000i,500n,6000p,200000b,15000s
{/usr/share/texmf/fonts/enc/dvips/base/8r.enc} </home/heikki/.t
exlive2007/texmf-var/fonts/pk/ljfour/public/sauter/cmb14.600pk> </home/heikki/.
texlive2007/texmf-var/fonts/pk/ljfour/public/sauter/cmb18.600pk></usr/share/tex
mf/fonts/type1/bluesky/cm/cmr12.pfb></usr/share/texmf/fonts/type1/public/txfont
s/rtxmi.pfb></usr/share/texmf/fonts/type1/public/txfonts/rtxr.pfb></usr/share/t
exmf/fonts/type1/public/txfonts/txsy.pfb></usr/share/texmf/fonts/type1/public/t
xfonts/txtt.pfb></usr/share/texmf/fonts/type1/urw/times/utmb8a.pfb></usr/share/
texmf/fonts/type1/urw/times/utmr8a.pfb></usr/share/texmf/fonts/type1/urw/times/
utmri8a.pfb>
Output written on tm2012_idl_3_vast.pdf (33 pages, 678631 bytes).
PDF statistics:
 268 PDF objects out of 1000 (max. 8388607)
 0 named destinations out of 1000 (max. 131072)
 61 words of extra memory for PDF output out of 10000 (max. 10000000)

