This is pdfTeX, Version 3.1415926-2.5-1.40.14 (TeX Live 2013/Debian) (format=pdflatex 2015.12.2)  25 MAY 2016 19:34
entering extended mode
 restricted \write18 enabled.
 %&-line parsing enabled.
**tm2012_harjtyo.tex
(./tm2012_harjtyo.tex
LaTeX2e <2011/06/27>
Babel <3.9h> and hyphenation patterns for 28 languages loaded.
(/usr/share/texlive/texmf-dist/tex/latex/base/article.cls
Document Class: article 2007/10/19 v1.4h Standard LaTeX document class
(/usr/share/texlive/texmf-dist/tex/latex/base/size12.clo
File: size12.clo 2007/10/19 v1.4h Standard LaTeX file (size option)
)
\c@part=\count79
\c@section=\count80
\c@subsection=\count81
\c@subsubsection=\count82
\c@paragraph=\count83
\c@subparagraph=\count84
\c@figure=\count85
\c@table=\count86
\abovecaptionskip=\skip41
\belowcaptionskip=\skip42
\bibindent=\dimen102
)
(/usr/share/texlive/texmf-dist/tex/generic/babel/babel.sty
Package: babel 2013/12/03 3.9h The Babel package

(/usr/share/texlive/texmf-dist/tex/generic/babel-finnish/finnish.ldf
Language: finnish 2007/10/20 v1.3q Finnish support from the babel system

(/usr/share/texlive/texmf-dist/tex/generic/babel/babel.def
File: babel.def 2013/12/03 3.9h Babel common definitions
\babel@savecnt=\count87
\U@D=\dimen103
)
Package babel Info: Making " an active character on input line 89.
))
(/usr/share/texlive/texmf-dist/tex/latex/base/inputenc.sty
Package: inputenc 2008/03/30 v1.1d Input encoding file
\inpenc@prehook=\toks14
\inpenc@posthook=\toks15

(/usr/share/texlive/texmf-dist/tex/latex/ucs/utf8x.def
File: utf8x.def 2004/10/17 UCS: Input encoding UTF-8
))
(/usr/share/texlive/texmf-dist/tex/latex/ucs/ucs.sty
Package: ucs 2013/05/11 v2.2 UCS: Unicode input support

(/usr/share/texlive/texmf-dist/tex/latex/ucs/data/uni-global.def
File: uni-global.def 2013/05/13 UCS: Unicode global data
)
\uc@secondtry=\count88
\uc@combtoks=\toks16
\uc@combtoksb=\toks17
\uc@temptokena=\toks18
)
(/usr/share/texlive/texmf-dist/tex/latex/base/fontenc.sty
Package: fontenc 2005/09/27 v1.99g Standard LaTeX package

(/usr/share/texlive/texmf-dist/tex/latex/base/t1enc.def
File: t1enc.def 2005/09/27 v1.99g Standard LaTeX file
LaTeX Font Info:    Redeclaring font encoding T1 on input line 43.
))
(/usr/share/texmf/tex/latex/lm/lmodern.sty
Package: lmodern 2009/10/30 v1.6 Latin Modern Fonts
LaTeX Font Info:    Overwriting symbol font `operators' in version `normal'
(Font)                  OT1/cmr/m/n --> OT1/lmr/m/n on input line 22.
LaTeX Font Info:    Overwriting symbol font `letters' in version `normal'
(Font)                  OML/cmm/m/it --> OML/lmm/m/it on input line 23.
LaTeX Font Info:    Overwriting symbol font `symbols' in version `normal'
(Font)                  OMS/cmsy/m/n --> OMS/lmsy/m/n on input line 24.
LaTeX Font Info:    Overwriting symbol font `largesymbols' in version `normal'
(Font)                  OMX/cmex/m/n --> OMX/lmex/m/n on input line 25.
LaTeX Font Info:    Overwriting symbol font `operators' in version `bold'
(Font)                  OT1/cmr/bx/n --> OT1/lmr/bx/n on input line 26.
LaTeX Font Info:    Overwriting symbol font `letters' in version `bold'
(Font)                  OML/cmm/b/it --> OML/lmm/b/it on input line 27.
LaTeX Font Info:    Overwriting symbol font `symbols' in version `bold'
(Font)                  OMS/cmsy/b/n --> OMS/lmsy/b/n on input line 28.
LaTeX Font Info:    Overwriting symbol font `largesymbols' in version `bold'
(Font)                  OMX/cmex/m/n --> OMX/lmex/m/n on input line 29.
LaTeX Font Info:    Overwriting math alphabet `\mathbf' in version `normal'
(Font)                  OT1/cmr/bx/n --> OT1/lmr/bx/n on input line 31.
LaTeX Font Info:    Overwriting math alphabet `\mathsf' in version `normal'
(Font)                  OT1/cmss/m/n --> OT1/lmss/m/n on input line 32.
LaTeX Font Info:    Overwriting math alphabet `\mathit' in version `normal'
(Font)                  OT1/cmr/m/it --> OT1/lmr/m/it on input line 33.
LaTeX Font Info:    Overwriting math alphabet `\mathtt' in version `normal'
(Font)                  OT1/cmtt/m/n --> OT1/lmtt/m/n on input line 34.
LaTeX Font Info:    Overwriting math alphabet `\mathbf' in version `bold'
(Font)                  OT1/cmr/bx/n --> OT1/lmr/bx/n on input line 35.
LaTeX Font Info:    Overwriting math alphabet `\mathsf' in version `bold'
(Font)                  OT1/cmss/bx/n --> OT1/lmss/bx/n on input line 36.
LaTeX Font Info:    Overwriting math alphabet `\mathit' in version `bold'
(Font)                  OT1/cmr/bx/it --> OT1/lmr/bx/it on input line 37.
LaTeX Font Info:    Overwriting math alphabet `\mathtt' in version `bold'
(Font)                  OT1/cmtt/m/n --> OT1/lmtt/m/n on input line 38.
)
(/usr/share/texlive/texmf-dist/tex/latex/graphics/graphicx.sty
Package: graphicx 1999/02/16 v1.0f Enhanced LaTeX Graphics (DPC,SPQR)

(/usr/share/texlive/texmf-dist/tex/latex/graphics/keyval.sty
Package: keyval 1999/03/16 v1.13 key=value parser (DPC)
\KV@toks@=\toks19
)
(/usr/share/texlive/texmf-dist/tex/latex/graphics/graphics.sty
Package: graphics 2009/02/05 v1.0o Standard LaTeX Graphics (DPC,SPQR)

(/usr/share/texlive/texmf-dist/tex/latex/graphics/trig.sty
Package: trig 1999/03/16 v1.09 sin cos tan (DPC)
)
(/usr/share/texlive/texmf-dist/tex/latex/latexconfig/graphics.cfg
File: graphics.cfg 2010/04/23 v1.9 graphics configuration of TeX Live
)
Package graphics Info: Driver file: pdftex.def on input line 91.

(/usr/share/texlive/texmf-dist/tex/latex/pdftex-def/pdftex.def
File: pdftex.def 2011/05/27 v0.06d Graphics/color for pdfTeX

(/usr/share/texlive/texmf-dist/tex/generic/oberdiek/infwarerr.sty
Package: infwarerr 2010/04/08 v1.3 Providing info/warning/error messages (HO)
)
(/usr/share/texlive/texmf-dist/tex/generic/oberdiek/ltxcmds.sty
Package: ltxcmds 2011/11/09 v1.22 LaTeX kernel commands for general use (HO)
)
\Gread@gobject=\count89
))
\Gin@req@height=\dimen104
\Gin@req@width=\dimen105
)
(/usr/share/texlive/texmf-dist/tex/latex/graphics/epsfig.sty
Package: epsfig 1999/02/16 v1.7a (e)psfig emulation (SPQR)
\epsfxsize=\dimen106
\epsfysize=\dimen107
)
(/usr/share/texlive/texmf-dist/tex/latex/tools/layout.sty
Package: layout 2000/09/25 v1.2c Show layout parameters
\oneinch=\count90
\cnt@paperwidth=\count91
\cnt@paperheight=\count92
\cnt@hoffset=\count93
\cnt@voffset=\count94
\cnt@textheight=\count95
\cnt@textwidth=\count96
\cnt@topmargin=\count97
\cnt@oddsidemargin=\count98
\cnt@evensidemargin=\count99
\cnt@headheight=\count100
\cnt@headsep=\count101
\cnt@marginparsep=\count102
\cnt@marginparwidth=\count103
\cnt@marginparpush=\count104
\cnt@footskip=\count105
\fheight=\count106
\ref@top=\count107
\ref@hoffset=\count108
\ref@voffset=\count109
\ref@head=\count110
\ref@body=\count111
\ref@foot=\count112
\ref@margin=\count113
\ref@marginwidth=\count114
\ref@marginpar=\count115
\Interval=\count116
\ExtraYPos=\count117
\PositionX=\count118
\PositionY=\count119
\ArrowLength=\count120
)
(/usr/share/texlive/texmf-dist/tex/latex/tools/verbatim.sty
Package: verbatim 2003/08/22 v1.5q LaTeX2e package for verbatim enhancements
\every@verbatim=\toks20
\verbatim@line=\toks21
\verbatim@in@stream=\read1
)
(/usr/share/texlive/texmf-dist/tex/latex/float/float.sty
Package: float 2001/11/08 v1.3d Float enhancements (AL)
\c@float@type=\count121
\float@exts=\toks22
\float@box=\box26
\@float@everytoks=\toks23
\@floatcapt=\box27
) (./tm2012_harjtyo.aux)
\openout1 = `tm2012_harjtyo.aux'.

LaTeX Font Info:    Checking defaults for OML/cmm/m/it on input line 15.
LaTeX Font Info:    ... okay on input line 15.
LaTeX Font Info:    Checking defaults for T1/cmr/m/n on input line 15.
LaTeX Font Info:    ... okay on input line 15.
LaTeX Font Info:    Checking defaults for OT1/cmr/m/n on input line 15.
LaTeX Font Info:    ... okay on input line 15.
LaTeX Font Info:    Checking defaults for OMS/cmsy/m/n on input line 15.
LaTeX Font Info:    ... okay on input line 15.
LaTeX Font Info:    Checking defaults for OMX/cmex/m/n on input line 15.
LaTeX Font Info:    ... okay on input line 15.
LaTeX Font Info:    Checking defaults for U/cmr/m/n on input line 15.
LaTeX Font Info:    ... okay on input line 15.
LaTeX Font Info:    Try loading font information for T1+lmr on input line 15.
 (/usr/share/texmf/tex/latex/lm/t1lmr.fd
File: t1lmr.fd 2009/10/30 v1.6 Font defs for Latin Modern
)
(/usr/share/texlive/texmf-dist/tex/latex/ucs/ucsencs.def
File: ucsencs.def 2011/01/21 Fixes to fontencodings LGR, T3
)
(/usr/share/texlive/texmf-dist/tex/context/base/supp-pdf.mkii
[Loading MPS to PDF converter (version 2006.09.02).]
\scratchcounter=\count122
\scratchdimen=\dimen108
\scratchbox=\box28
\nofMPsegments=\count123
\nofMParguments=\count124
\everyMPshowfont=\toks24
\MPscratchCnt=\count125
\MPscratchDim=\dimen109
\MPnumerator=\count126
\makeMPintoPDFobject=\count127
\everyMPtoPDFconversion=\toks25
) (/usr/share/texlive/texmf-dist/tex/generic/oberdiek/pdftexcmds.sty
Package: pdftexcmds 2011/11/29 v0.20 Utility functions of pdfTeX for LuaTeX (HO
)

(/usr/share/texlive/texmf-dist/tex/generic/oberdiek/ifluatex.sty
Package: ifluatex 2010/03/01 v1.3 Provides the ifluatex switch (HO)
Package ifluatex Info: LuaTeX not detected.
)
(/usr/share/texlive/texmf-dist/tex/generic/oberdiek/ifpdf.sty
Package: ifpdf 2011/01/30 v2.3 Provides the ifpdf switch (HO)
Package ifpdf Info: pdfTeX in PDF mode is detected.
)
Package pdftexcmds Info: LuaTeX not detected.
Package pdftexcmds Info: \pdf@primitive is available.
Package pdftexcmds Info: \pdf@ifprimitive is available.
Package pdftexcmds Info: \pdfdraftmode found.
)
(/usr/share/texlive/texmf-dist/tex/latex/oberdiek/epstopdf-base.sty
Package: epstopdf-base 2010/02/09 v2.5 Base part for package epstopdf

(/usr/share/texlive/texmf-dist/tex/latex/oberdiek/grfext.sty
Package: grfext 2010/08/19 v1.1 Manage graphics extensions (HO)

(/usr/share/texlive/texmf-dist/tex/generic/oberdiek/kvdefinekeys.sty
Package: kvdefinekeys 2011/04/07 v1.3 Define keys (HO)
))
(/usr/share/texlive/texmf-dist/tex/latex/oberdiek/kvoptions.sty
Package: kvoptions 2011/06/30 v3.11 Key value format for package options (HO)

(/usr/share/texlive/texmf-dist/tex/generic/oberdiek/kvsetkeys.sty
Package: kvsetkeys 2012/04/25 v1.16 Key value parser (HO)

(/usr/share/texlive/texmf-dist/tex/generic/oberdiek/etexcmds.sty
Package: etexcmds 2011/02/16 v1.5 Avoid name clashes with e-TeX commands (HO)
Package etexcmds Info: Could not find \expanded.
(etexcmds)             That can mean that you are not using pdfTeX 1.50 or
(etexcmds)             that some package has redefined \expanded.
(etexcmds)             In the latter case, load this package earlier.
)))
Package grfext Info: Graphics extension search list:
(grfext)             [.png,.pdf,.jpg,.mps,.jpeg,.jbig2,.jb2,.PNG,.PDF,.JPG,.JPE
G,.JBIG2,.JB2,.eps]
(grfext)             \AppendGraphicsExtensions on input line 452.

(/usr/share/texlive/texmf-dist/tex/latex/latexconfig/epstopdf-sys.cfg
File: epstopdf-sys.cfg 2010/07/13 v1.3 Configuration of (r)epstopdf for TeX Liv
e
))
(/usr/share/texlive/texmf-dist/tex/latex/ucs/data/uni-0.def
File: uni-0.def 2013/05/13 UCS: Unicode data U+0000..U+00FF
)
LaTeX Font Info:    Try loading font information for OT1+lmr on input line 17.

(/usr/share/texmf/tex/latex/lm/ot1lmr.fd
File: ot1lmr.fd 2009/10/30 v1.6 Font defs for Latin Modern
)
LaTeX Font Info:    Try loading font information for OML+lmm on input line 17.

(/usr/share/texmf/tex/latex/lm/omllmm.fd
File: omllmm.fd 2009/10/30 v1.6 Font defs for Latin Modern
)
LaTeX Font Info:    Try loading font information for OMS+lmsy on input line 17.


(/usr/share/texmf/tex/latex/lm/omslmsy.fd
File: omslmsy.fd 2009/10/30 v1.6 Font defs for Latin Modern
)
LaTeX Font Info:    Try loading font information for OMX+lmex on input line 17.


(/usr/share/texmf/tex/latex/lm/omxlmex.fd
File: omxlmex.fd 2009/10/30 v1.6 Font defs for Latin Modern
)
LaTeX Font Info:    External font `lmex10' loaded for size
(Font)              <14.4> on input line 17.
LaTeX Font Info:    External font `lmex10' loaded for size
(Font)              <10> on input line 17.
LaTeX Font Info:    External font `lmex10' loaded for size
(Font)              <7> on input line 17.
 [1

{/var/lib/texmf/fonts/map/pdftex/updmap/pdftex.map}]
Overfull \hbox (37.69208pt too wide) in paragraph at lines 23--24
\T1/lmr/m/n/12 on esi-tet-ty kap-pa-lees-sa 4.1[]. Oh-jel-mas-sa k‰y-tet-tiin h
y-v‰k-si val-mis-ta 'elem_to_rv.pro'
 []

<mars.pdf, id=8, page=1, 845.1575pt x 597.23125pt>
File: mars.pdf Graphic file (type pdf)
 <use mars.pdf, page 1>
Package pdftex.def Info: mars.pdf, page1 used on input line 29.
(pdftex.def)             Requested size: 845.15544pt x 597.22978pt.

[1 <./mars.pdf, page is rotated 270 degrees>]
<mars.pdf, id=16, page=2, 845.1575pt x 597.23125pt>
File: mars.pdf Graphic file (type pdf)
 <use mars.pdf, page 2>
Package pdftex.def Info: mars.pdf, page2 used on input line 41.
(pdftex.def)             Requested size: 845.15544pt x 597.22978pt.

<mars.pdf, id=17, page=3, 845.1575pt x 597.23125pt>
File: mars.pdf Graphic file (type pdf)
 <use mars.pdf, page 3>
Package pdftex.def Info: mars.pdf, page3 used on input line 47.
(pdftex.def)             Requested size: 845.15544pt x 597.22978pt.

[2 <./mars.pdf, page is rotated 270 degrees>]
Overfull \hbox (11.64659pt too wide) in paragraph at lines 53--54
[]\T1/lmr/m/n/12 Lopuksi dekli-naa-tion ja rek-tas-ken-sion ar-vo-ja ver-rat-ti
in JPL-ephemerideihin,
 []

[3 <./mars.pdf, page is rotated 270 degrees>]
<mars.pdf, id=27, page=4, 845.1575pt x 597.23125pt>
File: mars.pdf Graphic file (type pdf)
 <use mars.pdf, page 4>
Package pdftex.def Info: mars.pdf, page4 used on input line 57.
(pdftex.def)             Requested size: 845.15544pt x 597.22978pt.

<mars.pdf, id=28, page=5, 845.1575pt x 597.23125pt>
File: mars.pdf Graphic file (type pdf)
 <use mars.pdf, page 5>
Package pdftex.def Info: mars.pdf, page5 used on input line 63.
(pdftex.def)             Requested size: 845.15544pt x 597.22978pt.

[4 <./mars.pdf, page is rotated 270 degrees> <./mars.pdf, page is rotated 270 d
egrees>]
LaTeX Font Info:    External font `lmex10' loaded for size
(Font)              <12> on input line 70.
LaTeX Font Info:    External font `lmex10' loaded for size
(Font)              <8> on input line 70.
LaTeX Font Info:    External font `lmex10' loaded for size
(Font)              <6> on input line 70.

Overfull \hbox (28.6841pt too wide) in paragraph at lines 72--73
[]\T1/lmr/m/n/12 Teht‰v‰ss‰ k‰y-tet-tiin val-mii-ta alioh-jel-mia 'kepler.pro' 
se-k‰ 'in-te_simple_f.pro',
 []


Overfull \hbox (22.4537pt too wide) in paragraph at lines 81--82
\T1/lmr/m/n/12 me-ne-tel-m‰‰ luo-tet-ta-vam-pi, mut-ta mo-lem-mat h‰-vi‰-v‰t ki
rk-kaas-ti Runge-Kuttalle,
 []

[5] <numorb.pdf, id=43, page=1, 845.1575pt x 597.23125pt>
File: numorb.pdf Graphic file (type pdf)

<use numorb.pdf, page 1>
Package pdftex.def Info: numorb.pdf, page1 used on input line 90.
(pdftex.def)             Requested size: 845.15544pt x 597.22978pt.

Overfull \hbox (28.25754pt too wide) in paragraph at lines 90--91
[][] 
 []

<numorb.pdf, id=44, page=2, 845.1575pt x 597.23125pt>
File: numorb.pdf Graphic file (type pdf)
 <use numorb.pdf, page 2>
Package pdftex.def Info: numorb.pdf, page2 used on input line 95.
(pdftex.def)             Requested size: 845.15544pt x 597.22978pt.

Overfull \hbox (28.25754pt too wide) in paragraph at lines 95--96
[][] 
 []

[6 <./numorb.pdf, page is rotated 270 degrees> <./numorb.pdf, page is rotated 2
70 degrees>] <numorb.pdf, id=52, page=3, 845.1575pt x 597.23125pt>
File: numorb.pdf Graphic file (type pdf)

<use numorb.pdf, page 3>
Package pdftex.def Info: numorb.pdf, page3 used on input line 102.
(pdftex.def)             Requested size: 845.15544pt x 597.22978pt.

Overfull \hbox (28.25754pt too wide) in paragraph at lines 102--103
[][] 
 []

<numorb.pdf, id=53, page=4, 845.1575pt x 597.23125pt>
File: numorb.pdf Graphic file (type pdf)
 <use numorb.pdf, page 4>
Package pdftex.def Info: numorb.pdf, page4 used on input line 107.
(pdftex.def)             Requested size: 845.15544pt x 597.22978pt.

Overfull \hbox (28.25754pt too wide) in paragraph at lines 107--108
[][] 
 []

[7 <./numorb.pdf, page is rotated 270 degrees> <./numorb.pdf, page is rotated 2
70 degrees>]
<numorb_energy_e0dt01.pdf, id=60, page=1, 845.1575pt x 597.23125pt>
File: numorb_energy_e0dt01.pdf Graphic file (type pdf)

<use numorb_energy_e0dt01.pdf, page 1>
Package pdftex.def Info: numorb_energy_e0dt01.pdf, page1 used on input line 115
.
(pdftex.def)             Requested size: 845.15544pt x 597.22978pt.

Overfull \hbox (28.25754pt too wide) in paragraph at lines 115--116
[][] 
 []

<numorb_energy_e0dt01.pdf, id=61, page=2, 845.1575pt x 597.23125pt>
File: numorb_energy_e0dt01.pdf Graphic file (type pdf)

<use numorb_energy_e0dt01.pdf, page 2>
Package pdftex.def Info: numorb_energy_e0dt01.pdf, page2 used on input line 120
.
(pdftex.def)             Requested size: 845.15544pt x 597.22978pt.

Overfull \hbox (28.25754pt too wide) in paragraph at lines 120--121
[][] 
 []

[8 <./numorb_energy_e0dt01.pdf, page is rotated 270 degrees> <./numorb_energy_e
0dt01.pdf, page is rotated 270 degrees>]
<numorb_energy_e0dt01.pdf, id=70, page=3, 845.1575pt x 597.23125pt>
File: numorb_energy_e0dt01.pdf Graphic file (type pdf)

<use numorb_energy_e0dt01.pdf, page 3>
Package pdftex.def Info: numorb_energy_e0dt01.pdf, page3 used on input line 127
.
(pdftex.def)             Requested size: 845.15544pt x 597.22978pt.

Overfull \hbox (28.25754pt too wide) in paragraph at lines 127--128
[][] 
 []

<numorb_energy_e0dt01.pdf, id=71, page=4, 845.1575pt x 597.23125pt>
File: numorb_energy_e0dt01.pdf Graphic file (type pdf)

<use numorb_energy_e0dt01.pdf, page 4>
Package pdftex.def Info: numorb_energy_e0dt01.pdf, page4 used on input line 132
.
(pdftex.def)             Requested size: 845.15544pt x 597.22978pt.

Overfull \hbox (28.25754pt too wide) in paragraph at lines 132--133
[][] 
 []

[9 <./numorb_energy_e0dt01.pdf, page is rotated 270 degrees> <./numorb_energy_e
0dt01.pdf, page is rotated 270 degrees>]
<numorb.pdf, id=80, page=5, 845.1575pt x 597.23125pt>
File: numorb.pdf Graphic file (type pdf)
 <use numorb.pdf, page 5>
Package pdftex.def Info: numorb.pdf, page5 used on input line 141.
(pdftex.def)             Requested size: 845.15544pt x 597.22978pt.

Overfull \hbox (28.25754pt too wide) in paragraph at lines 141--143
[][] 
 []

<numorb.pdf, id=81, page=6, 845.1575pt x 597.23125pt>
File: numorb.pdf Graphic file (type pdf)
 <use numorb.pdf, page 6>
Package pdftex.def Info: numorb.pdf, page6 used on input line 147.
(pdftex.def)             Requested size: 845.15544pt x 597.22978pt.

Overfull \hbox (28.25754pt too wide) in paragraph at lines 147--148
[][] 
 []

<numorb.pdf, id=82, page=7, 845.1575pt x 597.23125pt>
File: numorb.pdf Graphic file (type pdf)
 <use numorb.pdf, page 7>
Package pdftex.def Info: numorb.pdf, page7 used on input line 154.
(pdftex.def)             Requested size: 845.15544pt x 597.22978pt.

Overfull \hbox (28.25754pt too wide) in paragraph at lines 154--155
[][] 
 []

[10 <./numorb.pdf, page is rotated 270 degrees> <./numorb.pdf, page is rotated 
270 degrees>] <numorb.pdf, id=89, page=8, 845.1575pt x 597.23125pt>
File: numorb.pdf Graphic file (type pdf)

<use numorb.pdf, page 8>
Package pdftex.def Info: numorb.pdf, page8 used on input line 159.
(pdftex.def)             Requested size: 845.15544pt x 597.22978pt.

Overfull \hbox (28.25754pt too wide) in paragraph at lines 159--160
[][] 
 []

[11 <./numorb.pdf, page is rotated 270 degrees> <./numorb.pdf, page is rotated 
270 degrees>]
File: numorb_energy_e0dt01.pdf Graphic file (type pdf)
 <use numorb_energy_e0dt01.pdf, page 1>
Package pdftex.def Info: numorb_energy_e0dt01.pdf, page1 used on input line 167
.
(pdftex.def)             Requested size: 845.15544pt x 597.22978pt.

Overfull \hbox (28.25754pt too wide) in paragraph at lines 167--168
[][] 
 []

<numorb_energy_e5dt01.pdf, id=93, page=2, 845.1575pt x 597.23125pt>
File: numorb_energy_e5dt01.pdf Graphic file (type pdf)

<use numorb_energy_e5dt01.pdf, page 2>
Package pdftex.def Info: numorb_energy_e5dt01.pdf, page2 used on input line 172
.
(pdftex.def)             Requested size: 845.15544pt x 597.22978pt.

Overfull \hbox (28.25754pt too wide) in paragraph at lines 172--173
[][] 
 []

[12 <./numorb_energy_e5dt01.pdf, page is rotated 270 degrees>]
<numorb_energy_e5dt01.pdf, id=101, page=3, 845.1575pt x 597.23125pt>
File: numorb_energy_e5dt01.pdf Graphic file (type pdf)

<use numorb_energy_e5dt01.pdf, page 3>
Package pdftex.def Info: numorb_energy_e5dt01.pdf, page3 used on input line 179
.
(pdftex.def)             Requested size: 845.15544pt x 597.22978pt.

Overfull \hbox (28.25754pt too wide) in paragraph at lines 179--180
[][] 
 []

<numorb_energy_e5dt01.pdf, id=102, page=4, 845.1575pt x 597.23125pt>
File: numorb_energy_e5dt01.pdf Graphic file (type pdf)

<use numorb_energy_e5dt01.pdf, page 4>
Package pdftex.def Info: numorb_energy_e5dt01.pdf, page4 used on input line 184
.
(pdftex.def)             Requested size: 845.15544pt x 597.22978pt.

Overfull \hbox (28.25754pt too wide) in paragraph at lines 184--185
[][] 
 []

[13 <./numorb_energy_e5dt01.pdf, page is rotated 270 degrees> <./numorb_energy_
e5dt01.pdf, page is rotated 270 degrees>]
<numorb.pdf, id=109, page=9, 845.1575pt x 597.23125pt>
File: numorb.pdf Graphic file (type pdf)

<use numorb.pdf, page 9>
Package pdftex.def Info: numorb.pdf, page9 used on input line 193.
(pdftex.def)             Requested size: 845.15544pt x 597.22978pt.

Overfull \hbox (28.25754pt too wide) in paragraph at lines 193--195
[][] 
 []

<numorb.pdf, id=110, page=10, 845.1575pt x 597.23125pt>
File: numorb.pdf Graphic file (type pdf)

<use numorb.pdf, page 10>
Package pdftex.def Info: numorb.pdf, page10 used on input line 199.
(pdftex.def)             Requested size: 845.15544pt x 597.22978pt.

Overfull \hbox (28.25754pt too wide) in paragraph at lines 199--200
[][] 
 []

[14 <./numorb.pdf, page is rotated 270 degrees> <./numorb.pdf, page is rotated 
270 degrees>] <numorb.pdf, id=117, page=11, 845.1575pt x 597.23125pt>
File: numorb.pdf Graphic file (type pdf)

<use numorb.pdf, page 11>
Package pdftex.def Info: numorb.pdf, page11 used on input line 206.
(pdftex.def)             Requested size: 845.15544pt x 597.22978pt.

Overfull \hbox (28.25754pt too wide) in paragraph at lines 206--207
[][] 
 []

<numorb.pdf, id=118, page=12, 845.1575pt x 597.23125pt>
File: numorb.pdf Graphic file (type pdf)

<use numorb.pdf, page 12>
Package pdftex.def Info: numorb.pdf, page12 used on input line 211.
(pdftex.def)             Requested size: 845.15544pt x 597.22978pt.

Overfull \hbox (28.25754pt too wide) in paragraph at lines 211--212
[][] 
 []

[15 <./numorb.pdf, page is rotated 270 degrees> <./numorb.pdf, page is rotated 
270 degrees>]
<numorb_energy_e9dt01.pdf, id=125, page=1, 845.1575pt x 597.23125pt>
File: numorb_energy_e9dt01.pdf Graphic file (type pdf)

<use numorb_energy_e9dt01.pdf, page 1>
Package pdftex.def Info: numorb_energy_e9dt01.pdf, page1 used on input line 219
.
(pdftex.def)             Requested size: 845.15544pt x 597.22978pt.

Overfull \hbox (28.25754pt too wide) in paragraph at lines 219--220
[][] 
 []

<numorb_energy_e9dt01.pdf, id=126, page=2, 845.1575pt x 597.23125pt>
File: numorb_energy_e9dt01.pdf Graphic file (type pdf)

<use numorb_energy_e9dt01.pdf, page 2>
Package pdftex.def Info: numorb_energy_e9dt01.pdf, page2 used on input line 224
.
(pdftex.def)             Requested size: 845.15544pt x 597.22978pt.

Overfull \hbox (28.25754pt too wide) in paragraph at lines 224--225
[][] 
 []

[16 <./numorb_energy_e9dt01.pdf, page is rotated 270 degrees> <./numorb_energy_
e9dt01.pdf, page is rotated 270 degrees>]
<numorb_energy_e9dt01.pdf, id=135, page=3, 845.1575pt x 597.23125pt>
File: numorb_energy_e9dt01.pdf Graphic file (type pdf)

<use numorb_energy_e9dt01.pdf, page 3>
Package pdftex.def Info: numorb_energy_e9dt01.pdf, page3 used on input line 231
.
(pdftex.def)             Requested size: 845.15544pt x 597.22978pt.

Overfull \hbox (28.25754pt too wide) in paragraph at lines 231--232
[][] 
 []

<numorb_energy_e9dt01.pdf, id=136, page=4, 845.1575pt x 597.23125pt>
File: numorb_energy_e9dt01.pdf Graphic file (type pdf)

<use numorb_energy_e9dt01.pdf, page 4>
Package pdftex.def Info: numorb_energy_e9dt01.pdf, page4 used on input line 236
.
(pdftex.def)             Requested size: 845.15544pt x 597.22978pt.

Overfull \hbox (28.25754pt too wide) in paragraph at lines 236--237
[][] 
 []

[17 <./numorb_energy_e9dt01.pdf, page is rotated 270 degrees> <./numorb_energy_
e9dt01.pdf, page is rotated 270 degrees>]
<numorb.pdf, id=143, page=13, 845.1575pt x 597.23125pt>
File: numorb.pdf Graphic file (type pdf)

<use numorb.pdf, page 13>
Package pdftex.def Info: numorb.pdf, page13 used on input line 244.
(pdftex.def)             Requested size: 845.15544pt x 597.22978pt.

Overfull \hbox (28.25754pt too wide) in paragraph at lines 244--245
[][] 
 []

<numorb.pdf, id=144, page=14, 845.1575pt x 597.23125pt>
File: numorb.pdf Graphic file (type pdf)

<use numorb.pdf, page 14>
Package pdftex.def Info: numorb.pdf, page14 used on input line 249.
(pdftex.def)             Requested size: 845.15544pt x 597.22978pt.

Overfull \hbox (28.25754pt too wide) in paragraph at lines 249--250
[][] 
 []

[18 <./numorb.pdf, page is rotated 270 degrees> <./numorb.pdf, page is rotated 
270 degrees>] <numorb.pdf, id=152, page=15, 845.1575pt x 597.23125pt>
File: numorb.pdf Graphic file (type pdf)

<use numorb.pdf, page 15>
Package pdftex.def Info: numorb.pdf, page15 used on input line 256.
(pdftex.def)             Requested size: 845.15544pt x 597.22978pt.

Overfull \hbox (28.25754pt too wide) in paragraph at lines 256--257
[][] 
 []

<numorb.pdf, id=153, page=16, 845.1575pt x 597.23125pt>
File: numorb.pdf Graphic file (type pdf)

<use numorb.pdf, page 16>
Package pdftex.def Info: numorb.pdf, page16 used on input line 261.
(pdftex.def)             Requested size: 845.15544pt x 597.22978pt.

Overfull \hbox (28.25754pt too wide) in paragraph at lines 261--262
[][] 
 []

[19 <./numorb.pdf, page is rotated 270 degrees> <./numorb.pdf, page is rotated 
270 degrees>]
<numorb_energy_e0dt001.pdf, id=160, page=1, 845.1575pt x 597.23125pt>
File: numorb_energy_e0dt001.pdf Graphic file (type pdf)

<use numorb_energy_e0dt001.pdf, page 1>
Package pdftex.def Info: numorb_energy_e0dt001.pdf, page1 used on input line 26
9.
(pdftex.def)             Requested size: 845.15544pt x 597.22978pt.

Overfull \hbox (28.25754pt too wide) in paragraph at lines 269--270
[][] 
 []

<numorb_energy_e0dt001.pdf, id=161, page=2, 845.1575pt x 597.23125pt>
File: numorb_energy_e0dt001.pdf Graphic file (type pdf)

<use numorb_energy_e0dt001.pdf, page 2>
Package pdftex.def Info: numorb_energy_e0dt001.pdf, page2 used on input line 27
4.
(pdftex.def)             Requested size: 845.15544pt x 597.22978pt.

Overfull \hbox (28.25754pt too wide) in paragraph at lines 274--275
[][] 
 []

[20 <./numorb_energy_e0dt001.pdf, page is rotated 270 degrees> <./numorb_energy
_e0dt001.pdf, page is rotated 270 degrees>]
<numorb_energy_e0dt001.pdf, id=171, page=3, 845.1575pt x 597.23125pt>
File: numorb_energy_e0dt001.pdf Graphic file (type pdf)

<use numorb_energy_e0dt001.pdf, page 3>
Package pdftex.def Info: numorb_energy_e0dt001.pdf, page3 used on input line 28
1.
(pdftex.def)             Requested size: 845.15544pt x 597.22978pt.

Overfull \hbox (28.25754pt too wide) in paragraph at lines 281--282
[][] 
 []

<numorb_energy_e0dt001.pdf, id=172, page=4, 845.1575pt x 597.23125pt>
File: numorb_energy_e0dt001.pdf Graphic file (type pdf)

<use numorb_energy_e0dt001.pdf, page 4>
Package pdftex.def Info: numorb_energy_e0dt001.pdf, page4 used on input line 28
6.
(pdftex.def)             Requested size: 845.15544pt x 597.22978pt.

Overfull \hbox (28.25754pt too wide) in paragraph at lines 286--287
[][] 
 []

[21 <./numorb_energy_e0dt001.pdf, page is rotated 270 degrees> <./numorb_energy
_e0dt001.pdf, page is rotated 270 degrees>]
<numorb.pdf, id=181, page=17, 845.1575pt x 597.23125pt>
File: numorb.pdf Graphic file (type pdf)

<use numorb.pdf, page 17>
Package pdftex.def Info: numorb.pdf, page17 used on input line 294.
(pdftex.def)             Requested size: 845.15544pt x 597.22978pt.

Overfull \hbox (28.25754pt too wide) in paragraph at lines 294--295
[][] 
 []

<numorb.pdf, id=182, page=18, 845.1575pt x 597.23125pt>
File: numorb.pdf Graphic file (type pdf)

<use numorb.pdf, page 18>
Package pdftex.def Info: numorb.pdf, page18 used on input line 299.
(pdftex.def)             Requested size: 845.15544pt x 597.22978pt.

Overfull \hbox (28.25754pt too wide) in paragraph at lines 299--300
[][] 
 []

[22 <./numorb.pdf, page is rotated 270 degrees> <./numorb.pdf, page is rotated 
270 degrees>] <numorb.pdf, id=189, page=19, 845.1575pt x 597.23125pt>
File: numorb.pdf Graphic file (type pdf)

<use numorb.pdf, page 19>
Package pdftex.def Info: numorb.pdf, page19 used on input line 306.
(pdftex.def)             Requested size: 845.15544pt x 597.22978pt.

Overfull \hbox (28.25754pt too wide) in paragraph at lines 306--307
[][] 
 []

<numorb.pdf, id=190, page=20, 845.1575pt x 597.23125pt>
File: numorb.pdf Graphic file (type pdf)

<use numorb.pdf, page 20>
Package pdftex.def Info: numorb.pdf, page20 used on input line 311.
(pdftex.def)             Requested size: 845.15544pt x 597.22978pt.

Overfull \hbox (28.25754pt too wide) in paragraph at lines 311--312
[][] 
 []

<numorb.pdf, id=191, page=21, 845.1575pt x 597.23125pt>
File: numorb.pdf Graphic file (type pdf)

<use numorb.pdf, page 21>
Package pdftex.def Info: numorb.pdf, page21 used on input line 318.
(pdftex.def)             Requested size: 845.15544pt x 597.22978pt.

Overfull \hbox (28.25754pt too wide) in paragraph at lines 318--319
[][] 
 []

[23 <./numorb.pdf, page is rotated 270 degrees> <./numorb.pdf, page is rotated 
270 degrees>] <numorb.pdf, id=198, page=22, 845.1575pt x 597.23125pt>
File: numorb.pdf Graphic file (type pdf)

<use numorb.pdf, page 22>
Package pdftex.def Info: numorb.pdf, page22 used on input line 323.
(pdftex.def)             Requested size: 845.15544pt x 597.22978pt.

Overfull \hbox (28.25754pt too wide) in paragraph at lines 323--324
[][] 
 []

[24 <./numorb.pdf, page is rotated 270 degrees> <./numorb.pdf, page is rotated 
270 degrees>] <numorb.pdf, id=203, page=23, 845.1575pt x 597.23125pt>
File: numorb.pdf Graphic file (type pdf)

<use numorb.pdf, page 23>
Package pdftex.def Info: numorb.pdf, page23 used on input line 330.
(pdftex.def)             Requested size: 845.15544pt x 597.22978pt.

Overfull \hbox (28.25754pt too wide) in paragraph at lines 330--331
[][] 
 []

<numorb.pdf, id=204, page=24, 845.1575pt x 597.23125pt>
File: numorb.pdf Graphic file (type pdf)

<use numorb.pdf, page 24>
Package pdftex.def Info: numorb.pdf, page24 used on input line 335.
(pdftex.def)             Requested size: 845.15544pt x 597.22978pt.

Overfull \hbox (28.25754pt too wide) in paragraph at lines 335--336
[][] 
 []

<numorb.pdf, id=205, page=25, 845.1575pt x 597.23125pt>
File: numorb.pdf Graphic file (type pdf)

<use numorb.pdf, page 25>
Package pdftex.def Info: numorb.pdf, page25 used on input line 342.
(pdftex.def)             Requested size: 845.15544pt x 597.22978pt.

Overfull \hbox (28.25754pt too wide) in paragraph at lines 342--343
[][] 
 []

[25 <./numorb.pdf, page is rotated 270 degrees> <./numorb.pdf, page is rotated 
270 degrees>] <numorb.pdf, id=212, page=26, 845.1575pt x 597.23125pt>
File: numorb.pdf Graphic file (type pdf)

<use numorb.pdf, page 26>
Package pdftex.def Info: numorb.pdf, page26 used on input line 347.
(pdftex.def)             Requested size: 845.15544pt x 597.22978pt.

Overfull \hbox (28.25754pt too wide) in paragraph at lines 347--348
[][] 
 []

[26 <./numorb.pdf, page is rotated 270 degrees> <./numorb.pdf, page is rotated 
270 degrees>] <numorb.pdf, id=216, page=27, 845.1575pt x 597.23125pt>
File: numorb.pdf Graphic file (type pdf)

<use numorb.pdf, page 27>
Package pdftex.def Info: numorb.pdf, page27 used on input line 354.
(pdftex.def)             Requested size: 845.15544pt x 597.22978pt.

Overfull \hbox (28.25754pt too wide) in paragraph at lines 354--355
[][] 
 []

<numorb.pdf, id=217, page=28, 845.1575pt x 597.23125pt>
File: numorb.pdf Graphic file (type pdf)

<use numorb.pdf, page 28>
Package pdftex.def Info: numorb.pdf, page28 used on input line 359.
(pdftex.def)             Requested size: 845.15544pt x 597.22978pt.

Overfull \hbox (28.25754pt too wide) in paragraph at lines 359--360
[][] 
 []

[27 <./numorb.pdf, page is rotated 270 degrees> <./numorb.pdf, page is rotated 
270 degrees>] [28]
<numorb_angmom.pdf, id=227, page=1, 845.1575pt x 597.23125pt>
File: numorb_angmom.pdf Graphic file (type pdf)

<use numorb_angmom.pdf, page 1>
Package pdftex.def Info: numorb_angmom.pdf, page1 used on input line 372.
(pdftex.def)             Requested size: 845.15544pt x 597.22978pt.

Overfull \hbox (28.25754pt too wide) in paragraph at lines 372--373
[][] 
 []

<numorb_angmom.pdf, id=228, page=2, 845.1575pt x 597.23125pt>
File: numorb_angmom.pdf Graphic file (type pdf)

<use numorb_angmom.pdf, page 2>
Package pdftex.def Info: numorb_angmom.pdf, page2 used on input line 377.
(pdftex.def)             Requested size: 845.15544pt x 597.22978pt.

Overfull \hbox (28.25754pt too wide) in paragraph at lines 377--378
[][] 
 []

[29 <./numorb_angmom.pdf, page is rotated 270 degrees> <./numorb_angmom.pdf, pa
ge is rotated 270 degrees>]
<numorb_angmom.pdf, id=235, page=3, 845.1575pt x 597.23125pt>
File: numorb_angmom.pdf Graphic file (type pdf)

<use numorb_angmom.pdf, page 3>
Package pdftex.def Info: numorb_angmom.pdf, page3 used on input line 384.
(pdftex.def)             Requested size: 845.15544pt x 597.22978pt.

Overfull \hbox (28.25754pt too wide) in paragraph at lines 384--385
[][] 
 []

<numorb_angmom.pdf, id=236, page=4, 845.1575pt x 597.23125pt>
File: numorb_angmom.pdf Graphic file (type pdf)

<use numorb_angmom.pdf, page 4>
Package pdftex.def Info: numorb_angmom.pdf, page4 used on input line 389.
(pdftex.def)             Requested size: 845.15544pt x 597.22978pt.

Overfull \hbox (28.25754pt too wide) in paragraph at lines 389--390
[][] 
 []

[30 <./numorb_angmom.pdf, page is rotated 270 degrees> <./numorb_angmom.pdf, pa
ge is rotated 270 degrees>]
LaTeX Font Info:    External font `lmex10' loaded for size
(Font)              <17.28> on input line 394.

Overfull \hbox (0.34186pt too wide) in paragraph at lines 394--394
[]\T1/lmr/bx/n/17.28 Kahden kap-pa-leen lii-ke $\OT1/lmr/m/n/17.28 1\OML/lmm/m/
it/17.28 =r[]$ \T1/lmr/bx/n/17.28 -voimakent‰ss‰ 
 []

[31]
LaTeX Font Info:    Try loading font information for T1+lmtt on input line 401.

 (/usr/share/texmf/tex/latex/lm/t1lmtt.fd
File: t1lmtt.fd 2009/10/30 v1.6 Font defs for Latin Modern
) [32] [33] [34] [35]
(./tm2012_harjtyo.aux)

LaTeX Warning: Label(s) may have changed. Rerun to get cross-references right.

 ) 
Here is how much of TeX's memory you used:
 3400 strings out of 494424
 48243 string characters out of 6165346
 112541 words of memory out of 5000000
 6570 multiletter control sequences out of 15000+600000
 54500 words of font info for 47 fonts, out of 8000000 for 9000
 372 hyphenation exceptions out of 8191
 38i,7n,25p,460b,597s stack positions out of 5000i,500n,10000p,200000b,80000s
{/usr/share/texmf/fonts/enc/dvips/lm/lm-ec.enc}{/usr/share/texmf/fonts/enc/dv
ips/lm/lm-rm.enc}{/usr/share/texmf/fonts/enc/dvips/lm/lm-mathsy.enc}{/usr/share
/texmf/fonts/enc/dvips/lm/lm-mathit.enc}</usr/share/texmf/fonts/type1/public/lm
/lmbx12.pfb></usr/share/texmf/fonts/type1/public/lm/lmmi12.pfb></usr/share/texm
f/fonts/type1/public/lm/lmr10.pfb></usr/share/texmf/fonts/type1/public/lm/lmr12
.pfb></usr/share/texmf/fonts/type1/public/lm/lmr17.pfb></usr/share/texmf/fonts/
type1/public/lm/lmr8.pfb></usr/share/texmf/fonts/type1/public/lm/lmsy10.pfb></u
sr/share/texmf/fonts/type1/public/lm/lmtt8.pfb>
Output written on tm2012_harjtyo.pdf (36 pages, 4082818 bytes).
PDF statistics:
 294 PDF objects out of 1000 (max. 8388607)
 194 compressed objects within 2 object streams
 0 named destinations out of 1000 (max. 500000)
 261 words of extra memory for PDF output out of 10000 (max. 10000000)

