This is pdfTeXk, Version 3.141592-1.40.3 (Web2C 7.5.6) (format=pdflatex 2012.11.2)  22 FEB 2013 17:08
entering extended mode
 %&-line parsing enabled.
**tm2012_harjtyo.tex
(./tm2012_harjtyo.tex
LaTeX2e <2005/12/01>
Babel <v3.8h> and hyphenation patterns for english, usenglishmax, dumylang, noh
yphenation, arabic, basque, bulgarian, coptic, welsh, czech, slovak, german, ng
erman, danish, esperanto, spanish, catalan, galician, estonian, farsi, finnish,
 french, greek, monogreek, ancientgreek, croatian, hungarian, interlingua, ibyc
us, indonesian, icelandic, italian, latin, mongolian, dutch, norsk, polish, por
tuguese, pinyin, romanian, russian, slovenian, uppersorbian, serbian, swedish, 
turkish, ukenglish, ukrainian, loaded.
(/usr/share/texmf/tex/latex/base/article.cls
Document Class: article 2005/09/16 v1.4f Standard LaTeX document class
(/usr/share/texmf/tex/latex/base/size12.clo
File: size12.clo 2005/09/16 v1.4f Standard LaTeX file (size option)
)
\c@part=\count79
\c@section=\count80
\c@subsection=\count81
\c@subsubsection=\count82
\c@paragraph=\count83
\c@subparagraph=\count84
\c@figure=\count85
\c@table=\count86
\abovecaptionskip=\skip41
\belowcaptionskip=\skip42
\bibindent=\dimen102
)
(/usr/share/texmf/tex/generic/babel/babel.sty
Package: babel 2005/11/23 v3.8h The Babel package

(/usr/share/texmf/tex/generic/babel/finnish.ldf
Language: finnish 2005/03/30 v1.3p Finnish support from the babel system

(/usr/share/texmf/tex/generic/babel/babel.def
File: babel.def 2005/11/23 v3.8h Babel common definitions
\babel@savecnt=\count87
\U@D=\dimen103
)
Package babel Info: Making " an active character on input line 89.
))
(/usr/share/texmf/tex/latex/base/inputenc.sty
Package: inputenc 2006/05/05 v1.1b Input encoding file
\inpenc@prehook=\toks14
\inpenc@posthook=\toks15

(/usr/share/texmf/tex/latex/ucs/utf8x.def
File: utf8x.def 2004/10/17 UCS: Input encoding UTF-8
))
(/usr/share/texmf/tex/latex/ucs/ucs.sty
Package: ucs 2004/10/17 UCS: Unicode input support

(/usr/share/texmf/tex/latex/ucs/data/uni-global.def
File: uni-global.def 2004/10/17 UCS: Unicode global data
)
\uc@secondtry=\count88
\uc@combtoks=\toks16
\uc@combtoksb=\toks17
\uc@temptokena=\toks18
)
(/usr/share/texmf/tex/latex/base/fontenc.sty
Package: fontenc 2005/09/27 v1.99g Standard LaTeX package

(/usr/share/texmf/tex/latex/base/t1enc.def
File: t1enc.def 2005/09/27 v1.99g Standard LaTeX file
LaTeX Font Info:    Redeclaring font encoding T1 on input line 43.
))
(/usr/share/texmf/tex/latex/lm/lmodern.sty
Package: lmodern 2007/01/14 v1.3 Latin Modern Fonts
LaTeX Font Info:    Overwriting symbol font `operators' in version `normal'
(Font)                  OT1/cmr/m/n --> OT1/lmr/m/n on input line 13.
LaTeX Font Info:    Overwriting symbol font `letters' in version `normal'
(Font)                  OML/cmm/m/it --> OML/lmm/m/it on input line 14.
LaTeX Font Info:    Overwriting symbol font `symbols' in version `normal'
(Font)                  OMS/cmsy/m/n --> OMS/lmsy/m/n on input line 15.
LaTeX Font Info:    Overwriting symbol font `largesymbols' in version `normal'
(Font)                  OMX/cmex/m/n --> OMX/lmex/m/n on input line 16.
LaTeX Font Info:    Overwriting symbol font `operators' in version `bold'
(Font)                  OT1/cmr/bx/n --> OT1/lmr/bx/n on input line 17.
LaTeX Font Info:    Overwriting symbol font `letters' in version `bold'
(Font)                  OML/cmm/b/it --> OML/lmm/b/it on input line 18.
LaTeX Font Info:    Overwriting symbol font `symbols' in version `bold'
(Font)                  OMS/cmsy/b/n --> OMS/lmsy/b/n on input line 19.
LaTeX Font Info:    Overwriting symbol font `largesymbols' in version `bold'
(Font)                  OMX/cmex/m/n --> OMX/lmex/m/n on input line 20.
LaTeX Font Info:    Overwriting math alphabet `\mathbf' in version `normal'
(Font)                  OT1/cmr/bx/n --> OT1/lmr/bx/n on input line 22.
LaTeX Font Info:    Overwriting math alphabet `\mathsf' in version `normal'
(Font)                  OT1/cmss/m/n --> OT1/lmss/m/n on input line 23.
LaTeX Font Info:    Overwriting math alphabet `\mathit' in version `normal'
(Font)                  OT1/cmr/m/it --> OT1/lmr/m/it on input line 24.
LaTeX Font Info:    Overwriting math alphabet `\mathtt' in version `normal'
(Font)                  OT1/cmtt/m/n --> OT1/lmtt/m/n on input line 25.
LaTeX Font Info:    Overwriting math alphabet `\mathbf' in version `bold'
(Font)                  OT1/cmr/bx/n --> OT1/lmr/bx/n on input line 26.
LaTeX Font Info:    Overwriting math alphabet `\mathsf' in version `bold'
(Font)                  OT1/cmss/bx/n --> OT1/lmss/bx/n on input line 27.
LaTeX Font Info:    Overwriting math alphabet `\mathit' in version `bold'
(Font)                  OT1/cmr/bx/it --> OT1/lmr/bx/it on input line 28.
LaTeX Font Info:    Overwriting math alphabet `\mathtt' in version `bold'
(Font)                  OT1/cmtt/m/n --> OT1/lmtt/m/n on input line 29.
)
(/usr/share/texmf/tex/latex/graphics/graphicx.sty
Package: graphicx 1999/02/16 v1.0f Enhanced LaTeX Graphics (DPC,SPQR)

(/usr/share/texmf/tex/latex/graphics/keyval.sty
Package: keyval 1999/03/16 v1.13 key=value parser (DPC)
\KV@toks@=\toks19
)
(/usr/share/texmf/tex/latex/graphics/graphics.sty
Package: graphics 2006/02/20 v1.0o Standard LaTeX Graphics (DPC,SPQR)

(/usr/share/texmf/tex/latex/graphics/trig.sty
Package: trig 1999/03/16 v1.09 sin cos tan (DPC)
)
(/usr/share/texmf/tex/latex/config/graphics.cfg
File: graphics.cfg 2007/01/18 v1.5 graphics configuration of teTeX/TeXLive
)
Package graphics Info: Driver file: pdftex.def on input line 90.

(/usr/share/texmf/tex/latex/pdftex-def/pdftex.def
File: pdftex.def 2007/01/08 v0.04d Graphics/color for pdfTeX
\Gread@gobject=\count89
))
\Gin@req@height=\dimen104
\Gin@req@width=\dimen105
)
(/usr/share/texmf/tex/latex/graphics/epsfig.sty
Package: epsfig 1999/02/16 v1.7a (e)psfig emulation (SPQR)
\epsfxsize=\dimen106
\epsfysize=\dimen107
)
(/usr/share/texmf/tex/latex/tools/layout.sty
Package: layout 2000/09/25 v1.2c Show layout parameters
\oneinch=\count90
\cnt@paperwidth=\count91
\cnt@paperheight=\count92
\cnt@hoffset=\count93
\cnt@voffset=\count94
\cnt@textheight=\count95
\cnt@textwidth=\count96
\cnt@topmargin=\count97
\cnt@oddsidemargin=\count98
\cnt@evensidemargin=\count99
\cnt@headheight=\count100
\cnt@headsep=\count101
\cnt@marginparsep=\count102
\cnt@marginparwidth=\count103
\cnt@marginparpush=\count104
\cnt@footskip=\count105
\fheight=\count106
\ref@top=\count107
\ref@hoffset=\count108
\ref@voffset=\count109
\ref@head=\count110
\ref@body=\count111
\ref@foot=\count112
\ref@margin=\count113
\ref@marginwidth=\count114
\ref@marginpar=\count115
\Interval=\count116
\ExtraYPos=\count117
\PositionX=\count118
\PositionY=\count119
\ArrowLength=\count120
)
(/usr/share/texmf/tex/latex/tools/verbatim.sty
Package: verbatim 2003/08/22 v1.5q LaTeX2e package for verbatim enhancements
\every@verbatim=\toks20
\verbatim@line=\toks21
\verbatim@in@stream=\read1
) (./tm2012_harjtyo.aux)
\openout1 = `tm2012_harjtyo.aux'.

LaTeX Font Info:    Checking defaults for OML/cmm/m/it on input line 15.
LaTeX Font Info:    ... okay on input line 15.
LaTeX Font Info:    Checking defaults for T1/cmr/m/n on input line 15.
LaTeX Font Info:    ... okay on input line 15.
LaTeX Font Info:    Checking defaults for OT1/cmr/m/n on input line 15.
LaTeX Font Info:    ... okay on input line 15.
LaTeX Font Info:    Checking defaults for OMS/cmsy/m/n on input line 15.
LaTeX Font Info:    ... okay on input line 15.
LaTeX Font Info:    Checking defaults for OMX/cmex/m/n on input line 15.
LaTeX Font Info:    ... okay on input line 15.
LaTeX Font Info:    Checking defaults for U/cmr/m/n on input line 15.
LaTeX Font Info:    ... okay on input line 15.
LaTeX Font Info:    Try loading font information for T1+lmr on input line 15.

(/usr/share/texmf/tex/latex/lm/t1lmr.fd
File: t1lmr.fd 2007/01/14 v1.3 Font defs for Latin Modern
)
(/usr/share/texmf/tex/latex/ucs/ucsencs.def
File: ucsencs.def 2003/11/29 Fixes to fontencodings LGR, T3
)
(/usr/share/texmf/tex/latex/ucs/data/uni-0.def
File: uni-0.def 2004/10/17 UCS: Unicode data U+0000..U+00FF
)
LaTeX Font Info:    Try loading font information for OT1+lmr on input line 18.

(/usr/share/texmf/tex/latex/lm/ot1lmr.fd
File: ot1lmr.fd 2007/01/14 v1.3 Font defs for Latin Modern
)
LaTeX Font Info:    Try loading font information for OML+lmm on input line 18.

(/usr/share/texmf/tex/latex/lm/omllmm.fd
File: omllmm.fd 2007/01/14 v1.3 Font defs for Latin Modern
)
LaTeX Font Info:    Try loading font information for OMS+lmsy on input line 18.


(/usr/share/texmf/tex/latex/lm/omslmsy.fd
File: omslmsy.fd 2007/01/14 v1.3 Font defs for Latin Modern
)
LaTeX Font Info:    Try loading font information for OMX+lmex on input line 18.


(/usr/share/texmf/tex/latex/lm/omxlmex.fd
File: omxlmex.fd 2007/01/14 v1.3 Font defs for Latin Modern
)
LaTeX Font Info:    External font `lmex10' loaded for size
(Font)              <14.4> on input line 18.
LaTeX Font Info:    External font `lmex10' loaded for size
(Font)              <10> on input line 18.
LaTeX Font Info:    External font `lmex10' loaded for size
(Font)              <7> on input line 18.
 [1

{/usr/share/texmf/fonts/map/pdftex/updmap/pdftex.map}] <ekliptikarata-1.pdf, id
=7, 794.97pt x 614.295pt>
File: ekliptikarata-1.pdf Graphic file (type pdf)

<use ekliptikarata-1.pdf>
Overfull \hbox (28.26314pt too wide) in paragraph at lines 33--34
[][] 
 []

[1 <./ekliptikarata-1.pdf, page is rotated 270 degrees>]
<deklinaatio-1.pdf, id=16, 794.97pt x 614.295pt>
File: deklinaatio-1.pdf Graphic file (type pdf)
 <use deklinaatio-1.pdf>
Overfull \hbox (88.01675pt too wide) in paragraph at lines 46--47
[][] 
 []

[2 <./deklinaatio-1.pdf, page is rotated 270 degrees>]
LaTeX Font Info:    Try loading font information for T1+lmtt on input line 55.

(/usr/share/texmf/tex/latex/lm/t1lmtt.fd
File: t1lmtt.fd 2007/01/14 v1.3 Font defs for Latin Modern
)
Overfull \hbox (52.65248pt too wide) in paragraph at lines 68--68
[]  \T1/lmtt/m/n/10.95 tcen=tday/36525.d0            ;aika vuosisatoina (juliaa
nista aikaa varten)[] 
 []


Overfull \hbox (18.16008pt too wide) in paragraph at lines 94--94
[]     \T1/lmtt/m/n/10.95 wp=336.04084+1560.78/3600.*T     ;perihelin pituus (s
olmuviivasta)[] 
 []

[3]
Overfull \hbox (29.65755pt too wide) in paragraph at lines 133--133
[]     \T1/lmtt/m/n/10.95 wp_maa=102.94719+1198.28/3600*T    ;perihelin pituus 
(solmuviivasta)[] 
 []


Overfull \hbox (0.91388pt too wide) in paragraph at lines 136--136
[]     \T1/lmtt/m/n/10.95 L_maa=100.46435+0.98560910*tday(i) ;keskipituus (solm
uviivasta)[] 
 []

[4]
Overfull \hbox (64.14995pt too wide) in paragraph at lines 171--171
[]     \T1/lmtt/m/n/10.95 sine=sin(ekli/!radeg)  ;Lasketaan valmiiksi kallistus
kulman sini ja kosini[] 
 []

[5]
Overfull \hbox (12.41135pt too wide) in paragraph at lines 195--195
[]\T1/lmtt/m/n/10.95 ;---------------------------------------------------------
------------[] 
 []


Overfull \hbox (0.91388pt too wide) in paragraph at lines 196--196
[]\T1/lmtt/m/n/10.95 ;Piirret‰‰n Marsin rata Maan ratatasokoordinaatistossa (v.
2000-2020)[] 
 []


Overfull \hbox (12.41135pt too wide) in paragraph at lines 197--197
[]\T1/lmtt/m/n/10.95 ;---------------------------------------------------------
------------[] 
 []


Overfull \hbox (18.16008pt too wide) in paragraph at lines 204--204
[]\T1/lmtt/m/n/10.95 ;---------------------------------------------------------
-------------[] 
 []


Overfull \hbox (12.41135pt too wide) in paragraph at lines 205--205
[]\T1/lmtt/m/n/10.95 ;Plotataan samalle aikav‰lille deklinaatio ja inklinaatio 
ajan suhteen[] 
 []


Overfull \hbox (18.16008pt too wide) in paragraph at lines 207--207
[]\T1/lmtt/m/n/10.95 ;---------------------------------------------------------
-------------[] 
 []


Overfull \hbox (18.16008pt too wide) in paragraph at lines 213--213
[]\T1/lmtt/m/n/10.95 ;---------------------------------------------------------
-------------[] 
 []


Overfull \hbox (18.16008pt too wide) in paragraph at lines 215--215
[]\T1/lmtt/m/n/10.95 ;---------------------------------------------------------
-------------[] 
 []


Overfull \hbox (18.16008pt too wide) in paragraph at lines 223--223
[]\T1/lmtt/m/n/10.95 ;Plotataan samaan kuvaan astro-kirjaston tarkkoja arvoja d
eklinaatiolle[] 
 []


Overfull \hbox (23.90881pt too wide) in paragraph at lines 224--224
[]\T1/lmtt/m/n/10.95 ;K‰ytet‰‰n t‰ss‰ juliaanisen kalenterin aikoja, alkaen p‰i
v‰st‰ 1.1.2000[] 
 []

[6]
Overfull \hbox (18.16008pt too wide) in paragraph at lines 237--237
[]\T1/lmtt/m/n/10.95 ;---------------------------------------------------------
-------------[] 
 []


Overfull \hbox (18.16008pt too wide) in paragraph at lines 239--239
[]\T1/lmtt/m/n/10.95 ;---------------------------------------------------------
-------------[] 
 []


Overfull \hbox (18.16008pt too wide) in paragraph at lines 250--250
[]\T1/lmtt/m/n/10.95 ;---------------------------------------------------------
-------------[] 
 []


Overfull \hbox (12.41135pt too wide) in paragraph at lines 252--252
[]\T1/lmtt/m/n/10.95 ;---------------------------------------------------------
------------[] 
 []


Overfull \hbox (41.15501pt too wide) in paragraph at lines 254--254
[]\T1/lmtt/m/n/10.95 ;M‰‰ritet‰‰n deklinaation ja inklinaation virheet tarkkoje
n arvojen avulla.[] 
 []


Overfull \hbox (18.16008pt too wide) in paragraph at lines 255--255
[]\T1/lmtt/m/n/10.95 ;K‰ytet‰‰n nyt astron sijaan tarkkuudeltaan parempia JPL -
ephemerideja.[] 
 []


Overfull \hbox (0.91388pt too wide) in paragraph at lines 260--260
[]\T1/lmtt/m/n/10.95 xtitle='Vuosi',ytitle='Deklinaation virhe (kaariminuuttein
a)',psym=3[] 
 []


Overfull \hbox (0.91388pt too wide) in paragraph at lines 265--265
[]\T1/lmtt/m/n/10.95 ;Varmistetaan ensin, ett‰ rektaskensiot alpha ja ra_jpl ov
at samassa[] 
 []

[7]
Overfull \hbox (6.66261pt too wide) in paragraph at lines 271--271
[]\T1/lmtt/m/n/10.95 xtitle='Vuosi',ytitle='Rektaskension virhe (kaariminuuttei
na)',psym=3[] 
 []

[8] [9] (./tm2012_harjtyo.aux) ) 
Here is how much of TeX's memory you used:
 2135 strings out of 256216
 26961 string characters out of 1917072
 83047 words of memory out of 1500000
 5400 multiletter control sequences out of 10000+200000
 37505 words of font info for 34 fonts, out of 1200000 for 2000
 645 hyphenation exceptions out of 8191
 25i,6n,24p,338b,597s stack positions out of 5000i,500n,6000p,200000b,15000s
{/usr/share/texmf/fonts/enc/dvips/lm/lm-rm.enc}
{/usr/share/texmf/fonts/enc/dvips/lm/lm-mathit.enc}{/usr/share/texmf/fonts/enc/
dvips/lm/lm-ec.enc}</usr/share/texmf/fonts/type1/public/lm/lmbx12.pfb></usr/sha
re/texmf/fonts/type1/public/lm/lmmi12.pfb></usr/share/texmf/fonts/type1/public/
lm/lmr10.pfb></usr/share/texmf/fonts/type1/public/lm/lmr12.pfb></usr/share/texm
f/fonts/type1/public/lm/lmr17.pfb></usr/share/texmf/fonts/type1/public/lm/lmtt1
0.pfb>
Output written on tm2012_harjtyo.pdf (10 pages, 252836 bytes).
PDF statistics:
 74 PDF objects out of 1000 (max. 8388607)
 0 named destinations out of 1000 (max. 131072)
 11 words of extra memory for PDF output out of 10000 (max. 10000000)

